<?xml version="1.0" encoding="UTF-8"?>
<testng-results skipped="0" failed="1" ignored="0" total="1" passed="0">
  <reporter-output>
    <line>
      <![CDATA[Driver Initialized.....]]>
    </line>
    <line>
      <![CDATA[Welcome Page]]>
    </line>
    <line>
      <![CDATA[Capturing the snapshot of the 'Welcome Page' page ]]>
    </line>
    <line>
      <![CDATA[Snapshot Captured]]>
    </line>
    <line>
      <![CDATA[Temp msg]]>
    </line>
    <line>
      <![CDATA[Login Page]]>
    </line>
    <line>
      <![CDATA[Capturing the snapshot of the 'Login Page' page ]]>
    </line>
    <line>
      <![CDATA[Snapshot Captured]]>
    </line>
    <line>
      <![CDATA[Before Login]]>
    </line>
    <line>
      <![CDATA[Capturing the snapshot of the 'Before Login' page ]]>
    </line>
    <line>
      <![CDATA[Snapshot Captured]]>
    </line>
  </reporter-output>
  <suite name="Default suite" duration-ms="67943" started-at="2019-12-31T21:15:22Z" finished-at="2019-12-31T21:16:30Z">
    <groups>
    </groups>
    <test name="Default test" duration-ms="67943" started-at="2019-12-31T21:15:22Z" finished-at="2019-12-31T21:16:30Z">
      <class name="test.AmazonTest">
        <test-method status="PASS" signature="beforeSuite(org.testng.ITestContext)[pri:0, instance:test.AmazonTest@80169cf]" name="beforeSuite" is-config="true" duration-ms="56403" started-at="2019-12-31T21:14:25Z" finished-at="2019-12-31T21:15:22Z">
          <params>
            <param index="0">
              <value>
                <![CDATA[org.testng.TestRunner@13c3c1e1]]>
              </value>
            </param>
          </params>
          <reporter-output>
            <line>
              <![CDATA[Driver Initialized.....]]>
            </line>
          </reporter-output>
        </test-method> <!-- beforeSuite -->
        <test-method status="PASS" signature="beforeMethod(org.testng.ITestContext, java.lang.reflect.Method)[pri:0, instance:test.AmazonTest@80169cf]" name="beforeMethod" is-config="true" duration-ms="9980" started-at="2019-12-31T21:15:22Z" finished-at="2019-12-31T21:15:32Z">
          <params>
            <param index="0">
              <value>
                <![CDATA[org.testng.TestRunner@13c3c1e1]]>
              </value>
            </param>
            <param index="1">
              <value>
                <![CDATA[public void test.AmazonTest.login_and_search()]]>
              </value>
            </param>
          </params>
          <reporter-output>
          </reporter-output>
        </test-method> <!-- beforeMethod -->
        <test-method status="FAIL" signature="login_and_search()[pri:0, instance:test.AmazonTest@80169cf]" name="login_and_search" duration-ms="43577" started-at="2019-12-31T21:15:32Z" finished-at="2019-12-31T21:16:15Z">
          <exception class="org.openqa.selenium.NoSuchElementException">
            <message>
              <![CDATA[An element could not be located on the page using the given search parameters. (WARNING: The server did not provide any stacktrace information)
Command duration or timeout: 2.35 seconds
For documentation on this error, please visit: http://seleniumhq.org/exceptions/no_such_element.html
Build info: version: '3.4.0', revision: 'unknown', time: 'unknown'
System info: host: 'sysadmins-MacBook-Pro-6.local', ip: '2409:4042:2604:b409:30a8:4f39:479:6831%en0', os.name: 'Mac OS X', os.arch: 'x86_64', os.version: '10.13.6', java.version: '1.8.0_191'
Driver info: io.appium.java_client.android.AndroidDriver
Capabilities [{appPackage=com.amazon.mShop.android.shopping, statBarHeight=42, noReset=true, viewportRect={top=42, left=0, width=720, height=1354}, fullReset=false, deviceName=5f239b3a, platform=LINUX, deviceUDID=5f239b3a, desired={app=/Users/nileshsalunke/Downloads/Amazon_shopping.apk, noReset=true, newCommandTimeout=60, automationName=UiAutomator2, appWaitActivity=com.amazon.mShop.sso.SigninPromptActivity, browserName=, udid=5f239b3a, platformName=Android, fullReset=false, deviceName=Android, printPageSourceOnFindFailure=true}, newCommandTimeout=60, platformVersion=8.1.0, webStorageEnabled=false, automationName=UiAutomator2, takesScreenshot=true, browserName=, javascriptEnabled=true, udid=5f239b3a, platformName=Android, deviceApiLevel=27, deviceManufacturer=samsung, app=/Users/nileshsalunke/Downloads/Amazon_shopping.apk, deviceScreenSize=720x1480, networkConnectionEnabled=true, warnings={}, appWaitActivity=com.amazon.mShop.sso.SigninPromptActivity, databaseEnabled=false, pixelRatio=1.75, locationContextEnabled=false, deviceScreenDensity=280, deviceModel=SM-J610F, printPageSourceOnFindFailure=true}]
Session ID: 4e635565-0dbd-424e-8c6e-6a82de9bbddd
*** Element info: {Using=xpath, value=//*[@resource-id="com.amazon.mShop.android.shopping:id/rs_search_src_text"]}]]>
            </message>
            <full-stacktrace>
              <![CDATA[org.openqa.selenium.NoSuchElementException: An element could not be located on the page using the given search parameters. (WARNING: The server did not provide any stacktrace information)
Command duration or timeout: 2.35 seconds
For documentation on this error, please visit: http://seleniumhq.org/exceptions/no_such_element.html
Build info: version: '3.4.0', revision: 'unknown', time: 'unknown'
System info: host: 'sysadmins-MacBook-Pro-6.local', ip: '2409:4042:2604:b409:30a8:4f39:479:6831%en0', os.name: 'Mac OS X', os.arch: 'x86_64', os.version: '10.13.6', java.version: '1.8.0_191'
Driver info: io.appium.java_client.android.AndroidDriver
Capabilities [{appPackage=com.amazon.mShop.android.shopping, statBarHeight=42, noReset=true, viewportRect={top=42, left=0, width=720, height=1354}, fullReset=false, deviceName=5f239b3a, platform=LINUX, deviceUDID=5f239b3a, desired={app=/Users/nileshsalunke/Downloads/Amazon_shopping.apk, noReset=true, newCommandTimeout=60, automationName=UiAutomator2, appWaitActivity=com.amazon.mShop.sso.SigninPromptActivity, browserName=, udid=5f239b3a, platformName=Android, fullReset=false, deviceName=Android, printPageSourceOnFindFailure=true}, newCommandTimeout=60, platformVersion=8.1.0, webStorageEnabled=false, automationName=UiAutomator2, takesScreenshot=true, browserName=, javascriptEnabled=true, udid=5f239b3a, platformName=Android, deviceApiLevel=27, deviceManufacturer=samsung, app=/Users/nileshsalunke/Downloads/Amazon_shopping.apk, deviceScreenSize=720x1480, networkConnectionEnabled=true, warnings={}, appWaitActivity=com.amazon.mShop.sso.SigninPromptActivity, databaseEnabled=false, pixelRatio=1.75, locationContextEnabled=false, deviceScreenDensity=280, deviceModel=SM-J610F, printPageSourceOnFindFailure=true}]
Session ID: 4e635565-0dbd-424e-8c6e-6a82de9bbddd
*** Element info: {Using=xpath, value=//*[@resource-id="com.amazon.mShop.android.shopping:id/rs_search_src_text"]}
at sun.reflect.NativeConstructorAccessorImpl.newInstance0(Native Method)
at sun.reflect.NativeConstructorAccessorImpl.newInstance(NativeConstructorAccessorImpl.java:62)
at sun.reflect.DelegatingConstructorAccessorImpl.newInstance(DelegatingConstructorAccessorImpl.java:45)
at java.lang.reflect.Constructor.newInstance(Constructor.java:423)
at org.openqa.selenium.remote.ErrorHandler.createThrowable(ErrorHandler.java:215)
at org.openqa.selenium.remote.ErrorHandler.throwIfResponseFailed(ErrorHandler.java:167)
at org.openqa.selenium.remote.RemoteWebDriver.execute(RemoteWebDriver.java:671)
at io.appium.java_client.DefaultGenericMobileDriver.execute(DefaultGenericMobileDriver.java:42)
at io.appium.java_client.AppiumDriver.execute(AppiumDriver.java:1)
at io.appium.java_client.android.AndroidDriver.execute(AndroidDriver.java:1)
at org.openqa.selenium.remote.RemoteWebDriver.findElement(RemoteWebDriver.java:410)
at io.appium.java_client.DefaultGenericMobileDriver.findElement(DefaultGenericMobileDriver.java:62)
at io.appium.java_client.AppiumDriver.findElement(AppiumDriver.java:1)
at io.appium.java_client.android.AndroidDriver.findElement(AndroidDriver.java:1)
at org.openqa.selenium.remote.RemoteWebDriver.findElementByXPath(RemoteWebDriver.java:509)
at io.appium.java_client.DefaultGenericMobileDriver.findElementByXPath(DefaultGenericMobileDriver.java:140)
at io.appium.java_client.AppiumDriver.findElementByXPath(AppiumDriver.java:1)
at io.appium.java_client.android.AndroidDriver.findElementByXPath(AndroidDriver.java:1)
at org.openqa.selenium.By$ByXPath.findElement(By.java:361)
at org.openqa.selenium.remote.RemoteWebDriver.findElement(RemoteWebDriver.java:402)
at io.appium.java_client.DefaultGenericMobileDriver.findElement(DefaultGenericMobileDriver.java:58)
at io.appium.java_client.AppiumDriver.findElement(AppiumDriver.java:1)
at io.appium.java_client.android.AndroidDriver.findElement(AndroidDriver.java:1)
at pages.HomePage.searchItem(HomePage.java:49)
at test.AmazonTest.login_and_search(AmazonTest.java:45)
at sun.reflect.NativeMethodAccessorImpl.invoke0(Native Method)
at sun.reflect.NativeMethodAccessorImpl.invoke(NativeMethodAccessorImpl.java:62)
at sun.reflect.DelegatingMethodAccessorImpl.invoke(DelegatingMethodAccessorImpl.java:43)
at java.lang.reflect.Method.invoke(Method.java:498)
at org.testng.internal.MethodInvocationHelper.invokeMethod(MethodInvocationHelper.java:124)
at org.testng.internal.Invoker.invokeMethod(Invoker.java:583)
at org.testng.internal.Invoker.invokeTestMethod(Invoker.java:719)
at org.testng.internal.Invoker.invokeTestMethods(Invoker.java:989)
at org.testng.internal.TestMethodWorker.invokeTestMethods(TestMethodWorker.java:125)
at org.testng.internal.TestMethodWorker.run(TestMethodWorker.java:109)
at org.testng.TestRunner.privateRun(TestRunner.java:648)
at org.testng.TestRunner.run(TestRunner.java:505)
at org.testng.SuiteRunner.runTest(SuiteRunner.java:455)
at org.testng.SuiteRunner.runSequentially(SuiteRunner.java:450)
at org.testng.SuiteRunner.privateRun(SuiteRunner.java:415)
at org.testng.SuiteRunner.run(SuiteRunner.java:364)
at org.testng.SuiteRunnerWorker.runSuite(SuiteRunnerWorker.java:52)
at org.testng.SuiteRunnerWorker.run(SuiteRunnerWorker.java:84)
at org.testng.TestNG.runSuitesSequentially(TestNG.java:1208)
at org.testng.TestNG.runSuitesLocally(TestNG.java:1137)
at org.testng.TestNG.runSuites(TestNG.java:1049)
at org.testng.TestNG.run(TestNG.java:1017)
at org.testng.remote.AbstractRemoteTestNG.run(AbstractRemoteTestNG.java:115)
at org.testng.remote.RemoteTestNG.initAndRun(RemoteTestNG.java:251)
at org.testng.remote.RemoteTestNG.main(RemoteTestNG.java:77)
]]>
            </full-stacktrace>
          </exception> <!-- org.openqa.selenium.NoSuchElementException -->
          <reporter-output>
            <line>
              <![CDATA[Welcome Page]]>
            </line>
            <line>
              <![CDATA[Capturing the snapshot of the 'Welcome Page' page ]]>
            </line>
            <line>
              <![CDATA[Snapshot Captured]]>
            </line>
            <line>
              <![CDATA[Temp msg]]>
            </line>
            <line>
              <![CDATA[Login Page]]>
            </line>
            <line>
              <![CDATA[Capturing the snapshot of the 'Login Page' page ]]>
            </line>
            <line>
              <![CDATA[Snapshot Captured]]>
            </line>
            <line>
              <![CDATA[Before Login]]>
            </line>
            <line>
              <![CDATA[Capturing the snapshot of the 'Before Login' page ]]>
            </line>
            <line>
              <![CDATA[Snapshot Captured]]>
            </line>
          </reporter-output>
        </test-method> <!-- login_and_search -->
        <test-method status="PASS" signature="afterMethod(org.testng.ITestResult)[pri:0, instance:test.AmazonTest@80169cf]" name="afterMethod" is-config="true" duration-ms="14372" started-at="2019-12-31T21:16:15Z" finished-at="2019-12-31T21:16:30Z">
          <params>
            <param index="0">
              <value>
                <![CDATA[[TestResult name=login_and_search status=FAILURE method=AmazonTest.login_and_search()[pri:0, instance:test.AmazonTest@80169cf] output=Welcome Page]]]>
              </value>
            </param>
          </params>
          <reporter-output>
          </reporter-output>
        </test-method> <!-- afterMethod -->
        <test-method status="PASS" signature="afterSuite(org.testng.ITestContext)[pri:0, instance:test.AmazonTest@80169cf]" name="afterSuite" is-config="true" duration-ms="519" started-at="2019-12-31T21:16:30Z" finished-at="2019-12-31T21:16:30Z">
          <params>
            <param index="0">
              <value>
                <![CDATA[org.testng.TestRunner@13c3c1e1]]>
              </value>
            </param>
          </params>
          <reporter-output>
          </reporter-output>
        </test-method> <!-- afterSuite -->
      </class> <!-- test.AmazonTest -->
    </test> <!-- Default test -->
  </suite> <!-- Default suite -->
</testng-results>
